<?xml version="1.0" encoding="UTF-8"?>
<!-- Generated by org.testng.reporters.JUnitReportReporter -->
<testsuite skipped="0" hostname="srijaytechlap1" name="com.qa.tests.HomepageTest" tests="6" failures="0" timestamp="2019-12-26T16:06:22 IST" time="263.470" errors="0">
  <testcase name="verifyLogo" time="38.674" classname="com.qa.tests.HomepageTest"/>
  <testcase name="verifySearch" time="41.076" classname="com.qa.tests.HomepageTest"/>
  <testcase name="verifyProductName" time="44.970" classname="com.qa.tests.HomepageTest"/>
  <testcase name="verifyAddToCart" time="51.429" classname="com.qa.tests.HomepageTest"/>
  <testcase name="verifyProductName1" time="38.158" classname="com.qa.tests.HomepageTest"/>
  <testcase name="verifyAddToCart1" time="49.163" classname="com.qa.tests.HomepageTest"/>
</testsuite> <!-- com.qa.tests.HomepageTest -->
