<?xml version="1.0" encoding="UTF-8"?>
<!-- Generated by org.testng.reporters.JUnitReportReporter -->
<testsuite skipped="0" hostname="srijaytechlap1" name="com.qa.tests.HomepageTest" tests="4" failures="0" timestamp="2019-12-24T18:30:03 IST" time="146.386" errors="0">
  <testcase name="verifyLogo" time="30.535" classname="com.qa.tests.HomepageTest"/>
  <testcase name="verifySearch" time="35.553" classname="com.qa.tests.HomepageTest"/>
  <testcase name="verifyProductName" time="33.064" classname="com.qa.tests.HomepageTest"/>
  <testcase name="verifyAddToCart" time="47.234" classname="com.qa.tests.HomepageTest"/>
</testsuite> <!-- com.qa.tests.HomepageTest -->
