<?xml version="1.0" encoding="UTF-8"?>
<!-- Generated by org.testng.reporters.JUnitReportReporter -->
<testsuite skipped="0" hostname="srijaytechlap1" name="com.qa.tests.LoginPageTest" tests="4" failures="0" timestamp="2019-12-24T18:21:12 IST" time="101.698" errors="0">
  <testcase name="verifyLogo" time="21.047" classname="com.qa.tests.LoginPageTest"/>
  <testcase name="verifyLoginText" time="19.601" classname="com.qa.tests.LoginPageTest"/>
  <testcase name="verifyLogin" time="29.153" classname="com.qa.tests.LoginPageTest"/>
  <testcase name="verifyLogin" time="31.897" classname="com.qa.tests.LoginPageTest"/>
</testsuite> <!-- com.qa.tests.LoginPageTest -->
