<?xml version="1.0" encoding="UTF-8"?>
<!-- Generated by org.testng.reporters.JUnitReportReporter -->
<testsuite skipped="0" hostname="srijaytechlap1" name="com.qa.tests.LoginPageTest" tests="4" failures="0" timestamp="2019-12-24T14:40:25 IST" time="149.580" errors="0">
  <testcase name="verifyLogo" time="26.663" classname="com.qa.tests.LoginPageTest"/>
  <testcase name="verifyLoginText" time="22.762" classname="com.qa.tests.LoginPageTest"/>
  <testcase name="verifyLogin" time="28.879" classname="com.qa.tests.LoginPageTest"/>
  <testcase name="verifyLogin" time="71.276" classname="com.qa.tests.LoginPageTest"/>
</testsuite> <!-- com.qa.tests.LoginPageTest -->
